<?xml version="1.0" encoding="UTF-8"?>
<testsuite name="com.nexora.datajp.support.BaseEntityTest" tests="2" skipped="0" failures="0" errors="0" timestamp="2026-02-01T11:21:05.360Z" hostname="192.168.31.66" time="0.013">
  <properties/>
  <testcase name="testBaseEntity()" classname="com.nexora.datajp.support.BaseEntityTest" time="0.012"/>
  <testcase name="testEqualsAndHashCode()" classname="com.nexora.datajp.support.BaseEntityTest" time="0.0"/>
  <system-out><![CDATA[]]></system-out>
  <system-err><![CDATA[]]></system-err>
</testsuite>
