<?xml version="1.0" encoding="UTF-8"?>
<testsuite name="com.nexora.datajp.autoconfigure.JpaAutoConfigurationTest" tests="2" skipped="0" failures="0" errors="0" timestamp="2026-02-01T11:21:05.375Z" hostname="192.168.31.66" time="0.003">
  <properties/>
  <testcase name="testPropertiesDefaults()" classname="com.nexora.datajp.autoconfigure.JpaAutoConfigurationTest" time="0.002"/>
  <testcase name="testPropertiesCreation()" classname="com.nexora.datajp.autoconfigure.JpaAutoConfigurationTest" time="0.001"/>
  <system-out><![CDATA[]]></system-out>
  <system-err><![CDATA[]]></system-err>
</testsuite>
