<?xml version="1.0" encoding="UTF-8"?>
<testsuite name="FileStorageAutoConfiguration Integration Tests" tests="7" skipped="0" failures="0" errors="0" timestamp="2026-02-01T11:21:12.389Z" hostname="192.168.31.66" time="0.434">
  <properties/>
  <testcase name="FileUploadHelper should use FileStorageProperties" classname="com.nexora.storage.autoconfigure.FileStorageAutoConfigurationTest" time="0.362"/>
  <testcase name="Should register FileStorageProperties bean" classname="com.nexora.storage.autoconfigure.FileStorageAutoConfigurationTest" time="0.013"/>
  <testcase name="Should load FileStorageAutoConfiguration" classname="com.nexora.storage.autoconfigure.FileStorageAutoConfigurationTest" time="0.01"/>
  <testcase name="Should configure FileStorageProperties with custom values" classname="com.nexora.storage.autoconfigure.FileStorageAutoConfigurationTest" time="0.013"/>
  <testcase name="Should configure allowed extensions" classname="com.nexora.storage.autoconfigure.FileStorageAutoConfigurationTest" time="0.011"/>
  <testcase name="Should create FileUploadHelper bean" classname="com.nexora.storage.autoconfigure.FileStorageAutoConfigurationTest" time="0.009"/>
  <testcase name="Should configure FileStorageProperties with default values" classname="com.nexora.storage.autoconfigure.FileStorageAutoConfigurationTest" time="0.009"/>
  <system-out><![CDATA[19:21:12.638 [Test worker] INFO com.nexora.storage.autoconfigure.FileStorageAutoConfiguration -- File storage auto-configuration initialized
19:21:12.757 [Test worker] INFO com.nexora.storage.autoconfigure.FileStorageAutoConfiguration -- File storage auto-configuration initialized
19:21:12.770 [Test worker] INFO com.nexora.storage.autoconfigure.FileStorageAutoConfiguration -- File storage auto-configuration initialized
19:21:12.782 [Test worker] INFO com.nexora.storage.autoconfigure.FileStorageAutoConfiguration -- File storage auto-configuration initialized
19:21:12.795 [Test worker] INFO com.nexora.storage.autoconfigure.FileStorageAutoConfiguration -- File storage auto-configuration initialized
19:21:12.807 [Test worker] INFO com.nexora.storage.autoconfigure.FileStorageAutoConfiguration -- File storage auto-configuration initialized
19:21:12.819 [Test worker] INFO com.nexora.storage.autoconfigure.FileStorageAutoConfiguration -- File storage auto-configuration initialized
]]></system-out>
  <system-err><![CDATA[]]></system-err>
</testsuite>
