<?xml version="1.0" encoding="UTF-8"?>
<testsuite name="FileStorageAutoConfiguration Integration Tests" tests="7" skipped="0" failures="0" errors="0" timestamp="2026-02-01T10:57:11.427Z" hostname="192.168.31.66" time="0.362">
  <properties/>
  <testcase name="FileUploadHelper should use FileStorageProperties" classname="com.nexora.storage.autoconfigure.FileStorageAutoConfigurationTest" time="0.299"/>
  <testcase name="Should register FileStorageProperties bean" classname="com.nexora.storage.autoconfigure.FileStorageAutoConfigurationTest" time="0.012"/>
  <testcase name="Should load FileStorageAutoConfiguration" classname="com.nexora.storage.autoconfigure.FileStorageAutoConfigurationTest" time="0.009"/>
  <testcase name="Should configure FileStorageProperties with custom values" classname="com.nexora.storage.autoconfigure.FileStorageAutoConfigurationTest" time="0.012"/>
  <testcase name="Should configure allowed extensions" classname="com.nexora.storage.autoconfigure.FileStorageAutoConfigurationTest" time="0.01"/>
  <testcase name="Should create FileUploadHelper bean" classname="com.nexora.storage.autoconfigure.FileStorageAutoConfigurationTest" time="0.007"/>
  <testcase name="Should configure FileStorageProperties with default values" classname="com.nexora.storage.autoconfigure.FileStorageAutoConfigurationTest" time="0.007"/>
  <system-out><![CDATA[18:57:11.614 [Test worker] INFO com.nexora.storage.autoconfigure.FileStorageAutoConfiguration -- File storage auto-configuration initialized
18:57:11.733 [Test worker] INFO com.nexora.storage.autoconfigure.FileStorageAutoConfiguration -- File storage auto-configuration initialized
18:57:11.745 [Test worker] INFO com.nexora.storage.autoconfigure.FileStorageAutoConfiguration -- File storage auto-configuration initialized
18:57:11.755 [Test worker] INFO com.nexora.storage.autoconfigure.FileStorageAutoConfiguration -- File storage auto-configuration initialized
18:57:11.768 [Test worker] INFO com.nexora.storage.autoconfigure.FileStorageAutoConfiguration -- File storage auto-configuration initialized
18:57:11.779 [Test worker] INFO com.nexora.storage.autoconfigure.FileStorageAutoConfiguration -- File storage auto-configuration initialized
18:57:11.786 [Test worker] INFO com.nexora.storage.autoconfigure.FileStorageAutoConfiguration -- File storage auto-configuration initialized
]]></system-out>
  <system-err><![CDATA[]]></system-err>
</testsuite>
