<?xml version="1.0" encoding="UTF-8"?>
<testsuite name="CaffeineAutoConfiguration Integration Tests" tests="7" skipped="0" failures="0" errors="0" timestamp="2026-02-01T11:21:22.390Z" hostname="192.168.31.66" time="0.481">
  <properties/>
  <testcase name="Should not load when disabled" classname="com.nexora.redis.cache.CaffeineAutoConfigurationTest" time="0.131"/>
  <testcase name="Should configure Caffeine with maximum size" classname="com.nexora.redis.cache.CaffeineAutoConfigurationTest" time="0.261"/>
  <testcase name="Should load CaffeineAutoConfiguration when enabled" classname="com.nexora.redis.cache.CaffeineAutoConfigurationTest" time="0.016"/>
  <testcase name="Should not load without Caffeine class" classname="com.nexora.redis.cache.CaffeineAutoConfigurationTest" time="0.016"/>
  <testcase name="Should configure Caffeine with expire after write" classname="com.nexora.redis.cache.CaffeineAutoConfigurationTest" time="0.021"/>
  <testcase name="Should configure Caffeine with combined spec" classname="com.nexora.redis.cache.CaffeineAutoConfigurationTest" time="0.014"/>
  <testcase name="Should use default spec when not configured" classname="com.nexora.redis.cache.CaffeineAutoConfigurationTest" time="0.015"/>
  <system-out><![CDATA[19:21:22.772 [Test worker] INFO com.nexora.redis.autoconfigure.CaffeineAutoConfiguration -- Initializing CaffeineCacheManager with spec: maximumSize=500
19:21:22.801 [Test worker] INFO com.nexora.redis.autoconfigure.CaffeineAutoConfiguration -- Initializing CaffeineCacheManager with spec: maximumSize=1000,expireAfterWrite=5m
19:21:22.817 [Test worker] INFO com.nexora.redis.autoconfigure.CaffeineAutoConfiguration -- Initializing CaffeineCacheManager with spec: maximumSize=1000,expireAfterWrite=5m
19:21:22.839 [Test worker] INFO com.nexora.redis.autoconfigure.CaffeineAutoConfiguration -- Initializing CaffeineCacheManager with spec: expireAfterWrite=10m
19:21:22.855 [Test worker] INFO com.nexora.redis.autoconfigure.CaffeineAutoConfiguration -- Initializing CaffeineCacheManager with spec: maximumSize=1000,expireAfterWrite=5m
19:21:22.870 [Test worker] INFO com.nexora.redis.autoconfigure.CaffeineAutoConfiguration -- Initializing CaffeineCacheManager with spec: maximumSize=1000,expireAfterWrite=5m
]]></system-out>
  <system-err><![CDATA[]]></system-err>
</testsuite>
