<?xml version="1.0" encoding="UTF-8"?>
<testsuite name="RedisCacheAutoConfiguration Integration Tests" tests="8" skipped="0" failures="0" errors="0" timestamp="2026-02-01T10:57:17.556Z" hostname="192.168.31.66" time="1.159">
  <properties/>
  <testcase name="Should not load when disabled" classname="com.nexora.redis.cache.RedisCacheAutoConfigurationTest" time="0.258"/>
  <testcase name="Should configure per-cache TTL mappings" classname="com.nexora.redis.cache.RedisCacheAutoConfigurationTest" time="0.249"/>
  <testcase name="Should load RedisCacheAutoConfiguration when enabled" classname="com.nexora.redis.cache.RedisCacheAutoConfigurationTest" time="0.128"/>
  <testcase name="Should disable null value caching when configured" classname="com.nexora.redis.cache.RedisCacheAutoConfigurationTest" time="0.127"/>
  <testcase name="Should register RedisProperties bean" classname="com.nexora.redis.cache.RedisCacheAutoConfigurationTest" time="0.13"/>
  <testcase name="Should configure cache with default TTL" classname="com.nexora.redis.cache.RedisCacheAutoConfigurationTest" time="0.123"/>
  <testcase name="Should not load without RedisConnectionFactory" classname="com.nexora.redis.cache.RedisCacheAutoConfigurationTest" time="0.013"/>
  <testcase name="Should configure key prefix" classname="com.nexora.redis.cache.RedisCacheAutoConfigurationTest" time="0.12"/>
  <system-out><![CDATA[18:57:17.649 [Test worker] WARN io.netty.resolver.dns.DnsServerAddressStreamProviders -- Can not find io.netty.resolver.dns.macos.MacOSDnsServerAddressStreamProvider in the classpath, fallback to system defaults. This may result in incorrect DNS resolutions on MacOS. Check whether you have a dependency on 'io.netty:netty-resolver-dns-native-macos'
18:57:17.940 [Test worker] INFO com.nexora.redis.autoconfigure.RedisCacheAutoConfiguration -- Initializing RedisCacheManager with default TTL: PT30M
18:57:18.087 [Test worker] INFO com.nexora.redis.autoconfigure.RedisCacheAutoConfiguration -- Initializing RedisCacheManager with default TTL: PT30M
18:57:18.214 [Test worker] INFO com.nexora.redis.autoconfigure.RedisCacheAutoConfiguration -- Initializing RedisCacheManager with default TTL: PT30M
18:57:18.344 [Test worker] INFO com.nexora.redis.autoconfigure.RedisCacheAutoConfiguration -- Initializing RedisCacheManager with default TTL: PT30M
18:57:18.471 [Test worker] INFO com.nexora.redis.autoconfigure.RedisCacheAutoConfiguration -- Initializing RedisCacheManager with default TTL: PT30M
18:57:18.592 [Test worker] WARN org.springframework.context.annotation.AnnotationConfigApplicationContext -- Exception encountered during context initialization - cancelling refresh attempt: org.springframework.beans.factory.UnsatisfiedDependencyException: Error creating bean with name 'cacheManager' defined in com.nexora.redis.autoconfigure.RedisCacheAutoConfiguration: Unsatisfied dependency expressed through method 'cacheManager' parameter 0: No qualifying bean of type 'org.springframework.data.redis.connection.RedisConnectionFactory' available: expected at least 1 bean which qualifies as autowire candidate. Dependency annotations: {}
18:57:18.606 [Test worker] INFO com.nexora.redis.autoconfigure.RedisCacheAutoConfiguration -- Initializing RedisCacheManager with default TTL: PT30M
]]></system-out>
  <system-err><![CDATA[]]></system-err>
</testsuite>
