<?xml version="1.0" encoding="UTF-8"?>
<testsuite name="RedisCacheAutoConfiguration Integration Tests" tests="8" skipped="0" failures="0" errors="0" timestamp="2026-02-01T11:21:22.874Z" hostname="192.168.31.66" time="1.139">
  <properties/>
  <testcase name="Should not load when disabled" classname="com.nexora.redis.cache.RedisCacheAutoConfigurationTest" time="0.251"/>
  <testcase name="Should configure per-cache TTL mappings" classname="com.nexora.redis.cache.RedisCacheAutoConfigurationTest" time="0.25"/>
  <testcase name="Should load RedisCacheAutoConfiguration when enabled" classname="com.nexora.redis.cache.RedisCacheAutoConfigurationTest" time="0.123"/>
  <testcase name="Should disable null value caching when configured" classname="com.nexora.redis.cache.RedisCacheAutoConfigurationTest" time="0.123"/>
  <testcase name="Should register RedisProperties bean" classname="com.nexora.redis.cache.RedisCacheAutoConfigurationTest" time="0.12"/>
  <testcase name="Should configure cache with default TTL" classname="com.nexora.redis.cache.RedisCacheAutoConfigurationTest" time="0.122"/>
  <testcase name="Should not load without RedisConnectionFactory" classname="com.nexora.redis.cache.RedisCacheAutoConfigurationTest" time="0.015"/>
  <testcase name="Should configure key prefix" classname="com.nexora.redis.cache.RedisCacheAutoConfigurationTest" time="0.124"/>
  <system-out><![CDATA[19:21:23.258 [Test worker] INFO com.nexora.redis.autoconfigure.RedisCacheAutoConfiguration -- Initializing RedisCacheManager with default TTL: PT30M
19:21:23.395 [Test worker] INFO com.nexora.redis.autoconfigure.RedisCacheAutoConfiguration -- Initializing RedisCacheManager with default TTL: PT30M
19:21:23.518 [Test worker] INFO com.nexora.redis.autoconfigure.RedisCacheAutoConfiguration -- Initializing RedisCacheManager with default TTL: PT30M
19:21:23.643 [Test worker] INFO com.nexora.redis.autoconfigure.RedisCacheAutoConfiguration -- Initializing RedisCacheManager with default TTL: PT30M
19:21:23.765 [Test worker] INFO com.nexora.redis.autoconfigure.RedisCacheAutoConfiguration -- Initializing RedisCacheManager with default TTL: PT30M
19:21:23.886 [Test worker] WARN org.springframework.context.annotation.AnnotationConfigApplicationContext -- Exception encountered during context initialization - cancelling refresh attempt: org.springframework.beans.factory.UnsatisfiedDependencyException: Error creating bean with name 'cacheManager' defined in com.nexora.redis.autoconfigure.RedisCacheAutoConfiguration: Unsatisfied dependency expressed through method 'cacheManager' parameter 0: No qualifying bean of type 'org.springframework.data.redis.connection.RedisConnectionFactory' available: expected at least 1 bean which qualifies as autowire candidate. Dependency annotations: {}
19:21:23.905 [Test worker] INFO com.nexora.redis.autoconfigure.RedisCacheAutoConfiguration -- Initializing RedisCacheManager with default TTL: PT30M
]]></system-out>
  <system-err><![CDATA[]]></system-err>
</testsuite>
