<?xml version="1.0" encoding="UTF-8"?>
<testsuite name="KafkaDlqAutoConfiguration Integration Tests" tests="5" skipped="0" failures="0" errors="0" timestamp="2026-01-30T13:46:15.499Z" hostname="192.168.31.66" time="0.091">
  <properties/>
  <testcase name="Should load by default (enabled by default)" classname="com.nexora.kafka.autoconfigure.KafkaDlqAutoConfigurationTest" time="0.062"/>
  <testcase name="Should not load when disabled" classname="com.nexora.kafka.autoconfigure.KafkaDlqAutoConfigurationTest" time="0.006"/>
  <testcase name="Should load KafkaDlqAutoConfiguration when enabled" classname="com.nexora.kafka.autoconfigure.KafkaDlqAutoConfigurationTest" time="0.006"/>
  <testcase name="Should not load without KafkaTemplate class" classname="com.nexora.kafka.autoconfigure.KafkaDlqAutoConfigurationTest" time="0.007"/>
  <testcase name="Should create kafkaErrorHandler bean" classname="com.nexora.kafka.autoconfigure.KafkaDlqAutoConfigurationTest" time="0.007"/>
  <system-out><![CDATA[21:46:15.581 [Test worker] WARN com.nexora.kafka.autoconfigure.KafkaDlqAutoConfiguration -- KafkaTemplate not available, DLQ disabled
]]></system-out>
  <system-err><![CDATA[]]></system-err>
</testsuite>
