<?xml version="1.0" encoding="UTF-8"?>
<testsuite name="com.nexora.audit.autoconfigure.AuditPropertiesTest" tests="2" skipped="0" failures="0" errors="0" timestamp="2026-02-01T11:20:05.937Z" hostname="192.168.31.66" time="0.012">
  <properties/>
  <testcase name="testSensitiveDataDefaults()" classname="com.nexora.audit.autoconfigure.AuditPropertiesTest" time="0.01"/>
  <testcase name="testDefaultValues()" classname="com.nexora.audit.autoconfigure.AuditPropertiesTest" time="0.001"/>
  <system-out><![CDATA[]]></system-out>
  <system-err><![CDATA[]]></system-err>
</testsuite>
