<?xml version="1.0" encoding="UTF-8"?>
<testsuite name="BusinessException Tests" tests="9" skipped="0" failures="0" errors="0" timestamp="2026-02-01T11:18:54.440Z" hostname="192.168.31.66" time="0.008">
  <properties/>
  <testcase name="Static factory method should create exception" classname="com.nexora.common.exception.BusinessExceptionTest" time="0.001"/>
  <testcase name="Default business exception should have code 400" classname="com.nexora.common.exception.BusinessExceptionTest" time="0.001"/>
  <testcase name="Business exception should be runtime exception" classname="com.nexora.common.exception.BusinessExceptionTest" time="0.001"/>
  <testcase name="Business exception with error code enum" classname="com.nexora.common.exception.BusinessExceptionTest" time="0.001"/>
  <testcase name="Business exception should have trace ID" classname="com.nexora.common.exception.BusinessExceptionTest" time="0.0"/>
  <testcase name="Business exception with cause should preserve message" classname="com.nexora.common.exception.BusinessExceptionTest" time="0.001"/>
  <testcase name="Business exception with context" classname="com.nexora.common.exception.BusinessExceptionTest" time="0.001"/>
  <testcase name="Business exception with cause should wrap original exception" classname="com.nexora.common.exception.BusinessExceptionTest" time="0.001"/>
  <testcase name="Business exception with custom code should preserve code" classname="com.nexora.common.exception.BusinessExceptionTest" time="0.0"/>
  <system-out><![CDATA[]]></system-out>
  <system-err><![CDATA[]]></system-err>
</testsuite>
