<?xml version="1.0" encoding="UTF-8"?>
<testsuite name="Result Tests" tests="9" skipped="0" failures="0" errors="0" timestamp="2026-02-01T10:31:32.803Z" hostname="192.168.31.66" time="0.027">
  <properties/>
  <testcase name="Success result without data should have null data field" classname="com.nexora.common.api.ResultTest" time="0.015"/>
  <testcase name="Error result should have error code and message" classname="com.nexora.common.api.ResultTest" time="0.003"/>
  <testcase name="No content result should have 204 status" classname="com.nexora.common.api.ResultTest" time="0.001"/>
  <testcase name="Success result should contain data and correct status code" classname="com.nexora.common.api.ResultTest" time="0.001"/>
  <testcase name="Result from BusinessException should preserve error info" classname="com.nexora.common.api.ResultTest" time="0.002"/>
  <testcase name="Created result should have 201 status" classname="com.nexora.common.api.ResultTest" time="0.001"/>
  <testcase name="Error result with custom code and data" classname="com.nexora.common.api.ResultTest" time="0.0"/>
  <testcase name="Record should be immutable with valid components" classname="com.nexora.common.api.ResultTest" time="0.0"/>
  <testcase name="Multiple success results should have independent timestamps" classname="com.nexora.common.api.ResultTest" time="0.0"/>
  <system-out><![CDATA[]]></system-out>
  <system-err><![CDATA[]]></system-err>
</testsuite>
