<?xml version="1.0" encoding="UTF-8"?>
<testsuite name="KafkaDlqAutoConfiguration Integration Tests" tests="5" skipped="0" failures="0" errors="0" timestamp="2026-02-01T11:21:18.004Z" hostname="192.168.31.66" time="0.178">
  <properties/>
  <testcase name="Should load by default (enabled by default)" classname="com.nexora.kafka.autoconfigure.KafkaDlqAutoConfigurationTest" time="0.121"/>
  <testcase name="Should not load when disabled" classname="com.nexora.kafka.autoconfigure.KafkaDlqAutoConfigurationTest" time="0.006"/>
  <testcase name="Should load KafkaDlqAutoConfiguration when enabled" classname="com.nexora.kafka.autoconfigure.KafkaDlqAutoConfigurationTest" time="0.02"/>
  <testcase name="Should not load without KafkaTemplate class" classname="com.nexora.kafka.autoconfigure.KafkaDlqAutoConfigurationTest" time="0.013"/>
  <testcase name="Should create kafkaErrorHandler bean" classname="com.nexora.kafka.autoconfigure.KafkaDlqAutoConfigurationTest" time="0.015"/>
  <system-out><![CDATA[19:21:18.118 [Test worker] INFO com.nexora.kafka.autoconfigure.KafkaDlqAutoConfiguration -- Kafka DLQ error handler initialized with retryAttempts=3, retryIntervalMs=1000
19:21:18.153 [Test worker] INFO com.nexora.kafka.autoconfigure.KafkaDlqAutoConfiguration -- Kafka DLQ error handler initialized with retryAttempts=3, retryIntervalMs=1000
19:21:18.166 [Test worker] WARN com.nexora.kafka.autoconfigure.KafkaDlqAutoConfiguration -- KafkaTemplate not available, DLQ disabled
19:21:18.177 [Test worker] INFO com.nexora.kafka.autoconfigure.KafkaDlqAutoConfiguration -- Kafka DLQ error handler initialized with retryAttempts=3, retryIntervalMs=1000
]]></system-out>
  <system-err><![CDATA[]]></system-err>
</testsuite>
