<?xml version="1.0" encoding="UTF-8"?>
<testsuite name="KafkaDlqAutoConfiguration Integration Tests" tests="5" skipped="0" failures="0" errors="0" timestamp="2026-02-01T10:57:14.219Z" hostname="192.168.31.66" time="0.158">
  <properties/>
  <testcase name="Should load by default (enabled by default)" classname="com.nexora.kafka.autoconfigure.KafkaDlqAutoConfigurationTest" time="0.111"/>
  <testcase name="Should not load when disabled" classname="com.nexora.kafka.autoconfigure.KafkaDlqAutoConfigurationTest" time="0.006"/>
  <testcase name="Should load KafkaDlqAutoConfiguration when enabled" classname="com.nexora.kafka.autoconfigure.KafkaDlqAutoConfigurationTest" time="0.018"/>
  <testcase name="Should not load without KafkaTemplate class" classname="com.nexora.kafka.autoconfigure.KafkaDlqAutoConfigurationTest" time="0.008"/>
  <testcase name="Should create kafkaErrorHandler bean" classname="com.nexora.kafka.autoconfigure.KafkaDlqAutoConfigurationTest" time="0.011"/>
  <system-out><![CDATA[18:57:14.323 [Test worker] INFO com.nexora.kafka.autoconfigure.KafkaDlqAutoConfiguration -- Kafka DLQ error handler initialized with retryAttempts=3, retryIntervalMs=1000
18:57:14.356 [Test worker] INFO com.nexora.kafka.autoconfigure.KafkaDlqAutoConfiguration -- Kafka DLQ error handler initialized with retryAttempts=3, retryIntervalMs=1000
18:57:14.365 [Test worker] WARN com.nexora.kafka.autoconfigure.KafkaDlqAutoConfiguration -- KafkaTemplate not available, DLQ disabled
18:57:14.375 [Test worker] INFO com.nexora.kafka.autoconfigure.KafkaDlqAutoConfiguration -- Kafka DLQ error handler initialized with retryAttempts=3, retryIntervalMs=1000
]]></system-out>
  <system-err><![CDATA[]]></system-err>
</testsuite>
