<?xml version="1.0" encoding="UTF-8"?>
<testsuite name="SecurityAutoConfiguration Integration Tests" tests="6" skipped="0" failures="0" errors="0" timestamp="2026-02-01T10:31:47.952Z" hostname="192.168.31.66" time="0.091">
  <properties/>
  <testcase name="Should register JwtProperties when JWT is enabled" classname="com.nexora.security.autoconfigure.SecurityAutoConfigurationTest" time="0.023"/>
  <testcase name="Should create Encryptor bean" classname="com.nexora.security.autoconfigure.SecurityAutoConfigurationTest" time="0.005"/>
  <testcase name="Should not load without StandardPBEStringEncryptor class" classname="com.nexora.security.autoconfigure.SecurityAutoConfigurationTest" time="0.036"/>
  <testcase name="Should create JwtTokenProvider when enabled" classname="com.nexora.security.autoconfigure.SecurityAutoConfigurationTest" time="0.013"/>
  <testcase name="Should load SecurityAutoConfiguration" classname="com.nexora.security.autoconfigure.SecurityAutoConfigurationTest" time="0.004"/>
  <testcase name="Should not create JwtTokenProvider by default" classname="com.nexora.security.autoconfigure.SecurityAutoConfigurationTest" time="0.005"/>
  <system-out><![CDATA[18:31:47.974 [Test worker] INFO com.nexora.security.jwt.JwtTokenProvider -- Initialized JwtTokenProvider with issuer: nexora-auth
18:31:48.006 [Test worker] WARN org.springframework.context.annotation.AnnotationConfigApplicationContext -- Exception encountered during context initialization - cancelling refresh attempt: org.springframework.beans.factory.UnsatisfiedDependencyException: Error creating bean with name 'encryptor' defined in com.nexora.security.autoconfigure.SecurityAutoConfiguration$EncryptorConfiguration: Unsatisfied dependency expressed through method 'encryptor' parameter 0: No qualifying bean of type 'org.jasypt.encryption.pbe.StandardPBEStringEncryptor' available: expected at least 1 bean which qualifies as autowire candidate. Dependency annotations: {}
18:31:48.032 [Test worker] INFO com.nexora.security.jwt.JwtTokenProvider -- Initialized JwtTokenProvider with issuer: nexora-auth
]]></system-out>
  <system-err><![CDATA[]]></system-err>
</testsuite>
