<?xml version="1.0" encoding="UTF-8"?>
<testsuite name="FileStorageAutoConfiguration Integration Tests" tests="7" skipped="0" failures="0" errors="0" timestamp="2026-01-30T13:41:46.511Z" hostname="192.168.31.66" time="0.366">
  <properties/>
  <testcase name="FileUploadHelper should use FileStorageProperties" classname="com.nexora.storage.autoconfigure.FileStorageAutoConfigurationTest" time="0.309"/>
  <testcase name="Should register FileStorageProperties bean" classname="com.nexora.storage.autoconfigure.FileStorageAutoConfigurationTest" time="0.011"/>
  <testcase name="Should load FileStorageAutoConfiguration" classname="com.nexora.storage.autoconfigure.FileStorageAutoConfigurationTest" time="0.007"/>
  <testcase name="Should configure FileStorageProperties with custom values" classname="com.nexora.storage.autoconfigure.FileStorageAutoConfigurationTest" time="0.01"/>
  <testcase name="Should configure allowed extensions" classname="com.nexora.storage.autoconfigure.FileStorageAutoConfigurationTest" time="0.009"/>
  <testcase name="Should create FileUploadHelper bean" classname="com.nexora.storage.autoconfigure.FileStorageAutoConfigurationTest" time="0.008"/>
  <testcase name="Should configure FileStorageProperties with default values" classname="com.nexora.storage.autoconfigure.FileStorageAutoConfigurationTest" time="0.007"/>
  <system-out><![CDATA[21:41:46.693 [Test worker] INFO com.nexora.storage.autoconfigure.FileStorageAutoConfiguration -- File storage auto-configuration initialized
21:41:46.827 [Test worker] INFO com.nexora.storage.autoconfigure.FileStorageAutoConfiguration -- File storage auto-configuration initialized
21:41:46.837 [Test worker] INFO com.nexora.storage.autoconfigure.FileStorageAutoConfiguration -- File storage auto-configuration initialized
21:41:46.845 [Test worker] INFO com.nexora.storage.autoconfigure.FileStorageAutoConfiguration -- File storage auto-configuration initialized
21:41:46.856 [Test worker] INFO com.nexora.storage.autoconfigure.FileStorageAutoConfiguration -- File storage auto-configuration initialized
21:41:46.867 [Test worker] INFO com.nexora.storage.autoconfigure.FileStorageAutoConfiguration -- File storage auto-configuration initialized
21:41:46.874 [Test worker] INFO com.nexora.storage.autoconfigure.FileStorageAutoConfiguration -- File storage auto-configuration initialized
]]></system-out>
  <system-err><![CDATA[]]></system-err>
</testsuite>
